===============================================
     YOLO11n PRUNING EXPERIMENT
===============================================
Started: Sat Nov 15 23:46:57 IST 2025

[INFO] Setting up ultravenv...
Requirement already satisfied: ultralytics in c:\users\pc\desktop\project\torch-pruning\ultravenv\lib\site-packages (8.3.176)
Requirement already satisfied: torch in c:\users\pc\desktop\project\torch-pruning\ultravenv\lib\site-packages (2.7.1+cu118)
Requirement already satisfied: torch-pruning in c:\users\pc\desktop\project\torch-pruning\ultravenv\lib\site-packages (1.6.0)
Requirement already satisfied: requests>=2.23.0 in c:\users\pc\desktop\project\torch-pruning\ultravenv\lib\site-packages (from ultralytics) (2.32.4)
Requirement already satisfied: pillow>=7.1.2 in c:\users\pc\desktop\project\torch-pruning\ultravenv\lib\site-packages (from ultralytics) (11.3.0)
Requirement already satisfied: torchvision>=0.9.0 in c:\users\pc\desktop\project\torch-pruning\ultravenv\lib\site-packages (from ultralytics) (0.22.1+cu118)
Requirement already satisfied: ultralytics-thop>=2.0.0 in c:\users\pc\desktop\project\torch-pruning\ultravenv\lib\site-packages (from ultralytics) (2.0.14)
Requirement already satisfied: opencv-python>=4.6.0 in c:\users\pc\desktop\project\torch-pruning\ultravenv\lib\site-packages (from ultralytics) (4.12.0.88)
Requirement already satisfied: pyyaml>=5.3.1 in c:\users\pc\desktop\project\torch-pruning\ultravenv\lib\site-packages (from ultralytics) (6.0.2)
Requirement already satisfied: scipy>=1.4.1 in c:\users\pc\desktop\project\torch-pruning\ultravenv\lib\site-packages (from ultralytics) (1.15.3)
Requirement already satisfied: psutil in c:\users\pc\desktop\project\torch-pruning\ultravenv\lib\site-packages (from ultralytics) (7.0.0)
Requirement already satisfied: pandas>=1.1.4 in c:\users\pc\desktop\project\torch-pruning\ultravenv\lib\site-packages (from ultralytics) (2.3.1)
Requirement already satisfied: tqdm>=4.64.0 in c:\users\pc\desktop\project\torch-pruning\ultravenv\lib\site-packages (from ultralytics) (4.67.1)
Requirement already satisfied: numpy>=1.23.0 in c:\users\pc\desktop\project\torch-pruning\ultravenv\lib\site-packages (from ultralytics) (2.2.6)
Requirement already satisfied: py-cpuinfo in c:\users\pc\desktop\project\torch-pruning\ultravenv\lib\site-packages (from ultralytics) (9.0.0)
Requirement already satisfied: matplotlib>=3.3.0 in c:\users\pc\desktop\project\torch-pruning\ultravenv\lib\site-packages (from ultralytics) (3.10.3)
Requirement already satisfied: sympy>=1.13.3 in c:\users\pc\desktop\project\torch-pruning\ultravenv\lib\site-packages (from torch) (1.14.0)
Requirement already satisfied: typing-extensions>=4.10.0 in c:\users\pc\desktop\project\torch-pruning\ultravenv\lib\site-packages (from torch) (4.14.1)
Requirement already satisfied: jinja2 in c:\users\pc\desktop\project\torch-pruning\ultravenv\lib\site-packages (from torch) (3.1.6)
Requirement already satisfied: networkx in c:\users\pc\desktop\project\torch-pruning\ultravenv\lib\site-packages (from torch) (3.4.2)
Requirement already satisfied: filelock in c:\users\pc\desktop\project\torch-pruning\ultravenv\lib\site-packages (from torch) (3.18.0)
Requirement already satisfied: fsspec in c:\users\pc\desktop\project\torch-pruning\ultravenv\lib\site-packages (from torch) (2025.7.0)
Requirement already satisfied: contourpy>=1.0.1 in c:\users\pc\desktop\project\torch-pruning\ultravenv\lib\site-packages (from matplotlib>=3.3.0->ultralytics) (1.3.2)
Requirement already satisfied: pyparsing>=2.3.1 in c:\users\pc\desktop\project\torch-pruning\ultravenv\lib\site-packages (from matplotlib>=3.3.0->ultralytics) (3.2.3)
Requirement already satisfied: packaging>=20.0 in c:\users\pc\desktop\project\torch-pruning\ultravenv\lib\site-packages (from matplotlib>=3.3.0->ultralytics) (25.0)
Requirement already satisfied: python-dateutil>=2.7 in c:\users\pc\desktop\project\torch-pruning\ultravenv\lib\site-packages (from matplotlib>=3.3.0->ultralytics) (2.9.0.post0)
Requirement already satisfied: cycler>=0.10 in c:\users\pc\desktop\project\torch-pruning\ultravenv\lib\site-packages (from matplotlib>=3.3.0->ultralytics) (0.12.1)
Requirement already satisfied: kiwisolver>=1.3.1 in c:\users\pc\desktop\project\torch-pruning\ultravenv\lib\site-packages (from matplotlib>=3.3.0->ultralytics) (1.4.8)
Requirement already satisfied: fonttools>=4.22.0 in c:\users\pc\desktop\project\torch-pruning\ultravenv\lib\site-packages (from matplotlib>=3.3.0->ultralytics) (4.59.0)
Requirement already satisfied: tzdata>=2022.7 in c:\users\pc\desktop\project\torch-pruning\ultravenv\lib\site-packages (from pandas>=1.1.4->ultralytics) (2025.2)
Requirement already satisfied: pytz>=2020.1 in c:\users\pc\desktop\project\torch-pruning\ultravenv\lib\site-packages (from pandas>=1.1.4->ultralytics) (2025.2)
Requirement already satisfied: urllib3<3,>=1.21.1 in c:\users\pc\desktop\project\torch-pruning\ultravenv\lib\site-packages (from requests>=2.23.0->ultralytics) (2.5.0)
Requirement already satisfied: charset_normalizer<4,>=2 in c:\users\pc\desktop\project\torch-pruning\ultravenv\lib\site-packages (from requests>=2.23.0->ultralytics) (3.4.2)
Requirement already satisfied: idna<4,>=2.5 in c:\users\pc\desktop\project\torch-pruning\ultravenv\lib\site-packages (from requests>=2.23.0->ultralytics) (3.10)
Requirement already satisfied: certifi>=2017.4.17 in c:\users\pc\desktop\project\torch-pruning\ultravenv\lib\site-packages (from requests>=2.23.0->ultralytics) (2025.7.14)
Requirement already satisfied: mpmath<1.4,>=1.1.0 in c:\users\pc\desktop\project\torch-pruning\ultravenv\lib\site-packages (from sympy>=1.13.3->torch) (1.3.0)
Requirement already satisfied: colorama in c:\users\pc\desktop\project\torch-pruning\ultravenv\lib\site-packages (from tqdm>=4.64.0->ultralytics) (0.4.6)
Requirement already satisfied: MarkupSafe>=2.0 in c:\users\pc\desktop\project\torch-pruning\ultravenv\lib\site-packages (from jinja2->torch) (3.0.2)
Requirement already satisfied: six>=1.5 in c:\users\pc\desktop\project\torch-pruning\ultravenv\lib\site-packages (from python-dateutil>=2.7->matplotlib>=3.3.0->ultralytics) (1.17.0)

===================================================
[GROUP] Starting experiments for BATCH SIZE = 2
===================================================

[STAGE 1] Training Model A (25 epochs, no pruning)

-----------------------------------------------
[STAGE 2] Pruning 5% for batch 2
-----------------------------------------------
[DONE] Completed prune+retrain for 5% (batch 2)

-----------------------------------------------
[STAGE 2] Pruning 10% for batch 2
-----------------------------------------------
[DONE] Completed prune+retrain for 10% (batch 2)

-----------------------------------------------
[STAGE 2] Pruning 20% for batch 2
-----------------------------------------------
[DONE] Completed prune+retrain for 20% (batch 2)

-----------------------------------------------
[STAGE 2] Pruning 30% for batch 2
-----------------------------------------------
[DONE] Completed prune+retrain for 30% (batch 2)

-----------------------------------------------
[STAGE 2] Pruning 40% for batch 2
-----------------------------------------------
[DONE] Completed prune+retrain for 40% (batch 2)

-----------------------------------------------
[STAGE 2] Pruning 50% for batch 2
-----------------------------------------------
[DONE] Completed prune+retrain for 50% (batch 2)

-----------------------------------------------
[STAGE 2] Pruning 75% for batch 2
-----------------------------------------------
[DONE] Completed prune+retrain for 75% (batch 2)

===================================================
[GROUP] Starting experiments for BATCH SIZE = 4
===================================================

[STAGE 1] Training Model A (25 epochs, no pruning)

-----------------------------------------------
[STAGE 2] Pruning 5% for batch 4
-----------------------------------------------
[DONE] Completed prune+retrain for 5% (batch 4)

-----------------------------------------------
[STAGE 2] Pruning 10% for batch 4
-----------------------------------------------
[DONE] Completed prune+retrain for 10% (batch 4)

-----------------------------------------------
[STAGE 2] Pruning 20% for batch 4
-----------------------------------------------
[DONE] Completed prune+retrain for 20% (batch 4)

-----------------------------------------------
[STAGE 2] Pruning 30% for batch 4
-----------------------------------------------
[DONE] Completed prune+retrain for 30% (batch 4)

-----------------------------------------------
[STAGE 2] Pruning 40% for batch 4
-----------------------------------------------
[DONE] Completed prune+retrain for 40% (batch 4)

-----------------------------------------------
[STAGE 2] Pruning 50% for batch 4
-----------------------------------------------
[DONE] Completed prune+retrain for 50% (batch 4)

-----------------------------------------------
[STAGE 2] Pruning 75% for batch 4
-----------------------------------------------
[DONE] Completed prune+retrain for 75% (batch 4)

===================================================
[GROUP] Starting experiments for BATCH SIZE = 8
===================================================

[STAGE 1] Training Model A (25 epochs, no pruning)

-----------------------------------------------
[STAGE 2] Pruning 5% for batch 8
-----------------------------------------------
[DONE] Completed prune+retrain for 5% (batch 8)

-----------------------------------------------
[STAGE 2] Pruning 10% for batch 8
-----------------------------------------------
[DONE] Completed prune+retrain for 10% (batch 8)

-----------------------------------------------
[STAGE 2] Pruning 20% for batch 8
-----------------------------------------------
[DONE] Completed prune+retrain for 20% (batch 8)

-----------------------------------------------
[STAGE 2] Pruning 30% for batch 8
-----------------------------------------------
[DONE] Completed prune+retrain for 30% (batch 8)

-----------------------------------------------
[STAGE 2] Pruning 40% for batch 8
-----------------------------------------------
[DONE] Completed prune+retrain for 40% (batch 8)

-----------------------------------------------
[STAGE 2] Pruning 50% for batch 8
-----------------------------------------------
[DONE] Completed prune+retrain for 50% (batch 8)

-----------------------------------------------
[STAGE 2] Pruning 75% for batch 8
-----------------------------------------------
[DONE] Completed prune+retrain for 75% (batch 8)

===================================================
[GROUP] Starting experiments for BATCH SIZE = 16
===================================================

[STAGE 1] Training Model A (25 epochs, no pruning)

-----------------------------------------------
[STAGE 2] Pruning 5% for batch 16
-----------------------------------------------
[DONE] Completed prune+retrain for 5% (batch 16)

-----------------------------------------------
[STAGE 2] Pruning 10% for batch 16
-----------------------------------------------
[DONE] Completed prune+retrain for 10% (batch 16)

-----------------------------------------------
[STAGE 2] Pruning 20% for batch 16
-----------------------------------------------
[DONE] Completed prune+retrain for 20% (batch 16)

-----------------------------------------------
[STAGE 2] Pruning 30% for batch 16
-----------------------------------------------
[DONE] Completed prune+retrain for 30% (batch 16)

-----------------------------------------------
[STAGE 2] Pruning 40% for batch 16
-----------------------------------------------
[DONE] Completed prune+retrain for 40% (batch 16)

-----------------------------------------------
[STAGE 2] Pruning 50% for batch 16
-----------------------------------------------
[DONE] Completed prune+retrain for 50% (batch 16)

-----------------------------------------------
[STAGE 2] Pruning 75% for batch 16
-----------------------------------------------
[DONE] Completed prune+retrain for 75% (batch 16)

===============================================
              EXPERIMENT DONE
Finished: Sun Nov 16 03:51:27 IST 2025
Logs: logs
===============================================
