Device: cuda
Config: imgsz=640 batch=4 iters=100 dynamic=False simplify=True
Discovered batch sizes: [2, 4, 8, 16]
Baseline stats batch=2: params=2.590M, GFLOPs=3.16
Processing batch size 2 with 7 pruned variants
Benchmarking batch=2 prune=5.0% ...
Done prune=5.0% in 8.6s | params=2.431M | GFLOPs=2.89 | FLOPs_Reduction=-8% | PT_speedup=0.91x | ONNX_speedup=1.07x
Benchmarking batch=2 prune=10.0% ...
Done prune=10.0% in 7.1s | params=2.303M | GFLOPs=2.75 | FLOPs_Reduction=-13% | PT_speedup=1.02x | ONNX_speedup=1.09x
Benchmarking batch=2 prune=20.0% ...
Done prune=20.0% in 6.9s | params=2.061M | GFLOPs=2.46 | FLOPs_Reduction=-22% | PT_speedup=1.05x | ONNX_speedup=1.18x
Benchmarking batch=2 prune=30.0% ...
Done prune=30.0% in 6.9s | params=1.840M | GFLOPs=2.17 | FLOPs_Reduction=-31% | PT_speedup=1.01x | ONNX_speedup=1.26x
Benchmarking batch=2 prune=40.0% ...
Done prune=40.0% in 6.7s | params=1.600M | GFLOPs=1.89 | FLOPs_Reduction=-40% | PT_speedup=1.07x | ONNX_speedup=1.32x
Benchmarking batch=2 prune=50.0% ...
Done prune=50.0% in 6.7s | params=1.376M | GFLOPs=1.60 | FLOPs_Reduction=-49% | PT_speedup=1.09x | ONNX_speedup=1.43x
Benchmarking batch=2 prune=75.0% ...
Done prune=75.0% in 6.2s | params=0.854M | GFLOPs=0.95 | FLOPs_Reduction=-70% | PT_speedup=1.05x | ONNX_speedup=1.94x
Baseline stats batch=4: params=2.590M, GFLOPs=3.16
Processing batch size 4 with 7 pruned variants
Benchmarking batch=4 prune=5.0% ...
Done prune=5.0% in 7.8s | params=2.431M | GFLOPs=2.89 | FLOPs_Reduction=-8% | PT_speedup=0.93x | ONNX_speedup=1.03x
Benchmarking batch=4 prune=10.0% ...
Done prune=10.0% in 7.2s | params=2.303M | GFLOPs=2.75 | FLOPs_Reduction=-13% | PT_speedup=1.01x | ONNX_speedup=1.13x
Benchmarking batch=4 prune=20.0% ...
Done prune=20.0% in 7.0s | params=2.061M | GFLOPs=2.46 | FLOPs_Reduction=-22% | PT_speedup=1.05x | ONNX_speedup=1.17x
Benchmarking batch=4 prune=30.0% ...
Done prune=30.0% in 7.0s | params=1.840M | GFLOPs=2.17 | FLOPs_Reduction=-31% | PT_speedup=1.03x | ONNX_speedup=1.29x
Benchmarking batch=4 prune=40.0% ...
Done prune=40.0% in 6.8s | params=1.600M | GFLOPs=1.89 | FLOPs_Reduction=-40% | PT_speedup=1.07x | ONNX_speedup=1.34x
Benchmarking batch=4 prune=50.0% ...
Done prune=50.0% in 6.5s | params=1.376M | GFLOPs=1.60 | FLOPs_Reduction=-49% | PT_speedup=1.15x | ONNX_speedup=1.39x
Benchmarking batch=4 prune=75.0% ...
Done prune=75.0% in 6.1s | params=0.854M | GFLOPs=0.95 | FLOPs_Reduction=-70% | PT_speedup=1.39x | ONNX_speedup=1.84x
Baseline stats batch=8: params=2.590M, GFLOPs=3.16
Processing batch size 8 with 7 pruned variants
Benchmarking batch=8 prune=5.0% ...
Done prune=5.0% in 8.0s | params=2.431M | GFLOPs=2.89 | FLOPs_Reduction=-8% | PT_speedup=0.95x | ONNX_speedup=1.04x
Benchmarking batch=8 prune=10.0% ...
Done prune=10.0% in 7.1s | params=2.303M | GFLOPs=2.75 | FLOPs_Reduction=-13% | PT_speedup=1.02x | ONNX_speedup=1.09x
Benchmarking batch=8 prune=20.0% ...
Done prune=20.0% in 7.0s | params=2.061M | GFLOPs=2.46 | FLOPs_Reduction=-22% | PT_speedup=1.04x | ONNX_speedup=1.14x
Benchmarking batch=8 prune=30.0% ...
Done prune=30.0% in 6.8s | params=1.840M | GFLOPs=2.17 | FLOPs_Reduction=-31% | PT_speedup=1.01x | ONNX_speedup=1.24x
Benchmarking batch=8 prune=40.0% ...
Done prune=40.0% in 6.5s | params=1.600M | GFLOPs=1.89 | FLOPs_Reduction=-40% | PT_speedup=1.07x | ONNX_speedup=1.32x
Benchmarking batch=8 prune=50.0% ...
Done prune=50.0% in 6.6s | params=1.376M | GFLOPs=1.60 | FLOPs_Reduction=-49% | PT_speedup=1.14x | ONNX_speedup=1.46x
Benchmarking batch=8 prune=75.0% ...
Done prune=75.0% in 6.1s | params=0.854M | GFLOPs=0.95 | FLOPs_Reduction=-70% | PT_speedup=1.48x | ONNX_speedup=1.88x
Baseline stats batch=16: params=2.590M, GFLOPs=3.16
Processing batch size 16 with 7 pruned variants
Benchmarking batch=16 prune=5.0% ...
Done prune=5.0% in 7.9s | params=2.431M | GFLOPs=2.89 | FLOPs_Reduction=-8% | PT_speedup=0.97x | ONNX_speedup=1.08x
Benchmarking batch=16 prune=10.0% ...
Done prune=10.0% in 7.1s | params=2.303M | GFLOPs=2.75 | FLOPs_Reduction=-13% | PT_speedup=1.01x | ONNX_speedup=1.09x
Benchmarking batch=16 prune=20.0% ...
Done prune=20.0% in 7.0s | params=2.061M | GFLOPs=2.46 | FLOPs_Reduction=-22% | PT_speedup=1.05x | ONNX_speedup=1.14x
Benchmarking batch=16 prune=30.0% ...
Done prune=30.0% in 7.0s | params=1.840M | GFLOPs=2.17 | FLOPs_Reduction=-31% | PT_speedup=0.95x | ONNX_speedup=1.26x
Benchmarking batch=16 prune=40.0% ...
Done prune=40.0% in 6.6s | params=1.600M | GFLOPs=1.89 | FLOPs_Reduction=-40% | PT_speedup=1.07x | ONNX_speedup=1.32x
Benchmarking batch=16 prune=50.0% ...
Done prune=50.0% in 6.4s | params=1.376M | GFLOPs=1.60 | FLOPs_Reduction=-49% | PT_speedup=1.13x | ONNX_speedup=1.45x
Benchmarking batch=16 prune=75.0% ...
Done prune=75.0% in 6.2s | params=0.854M | GFLOPs=0.95 | FLOPs_Reduction=-70% | PT_speedup=1.21x | ONNX_speedup=1.78x
CSV written: logs\compare_all\benchmarks_img640_b4_20251123_140136.csv
JSON written: logs\compare_all\benchmarks_img640_b4_20251123_140136.json
Markdown summary written: logs\compare_all\summary_20251123_140136.md
Total comparisons executed: 28
Completed batch comparisons.
